------------------------------------------------------------------------------
      name:  <unnamed>
       log:  Z:\Desktop\week 3\Practical 3.log
  log type:  text
 opened on:  25 Oct 2025, 10:27:33

. use "Z:\Desktop\week 3\myopia.dta"

. cci 21 50 24 160, woolf

                                                         Proportion
                 |   Exposed   Unexposed  |      Total     Exposed
-----------------+------------------------+------------------------
           Cases |        21          50  |         71       0.2958
        Controls |        24         160  |        184       0.1304
-----------------+------------------------+------------------------
           Total |        45         210  |        255       0.1765
                 |                        |
                 |      Point estimate    |    [95% Conf. Interval]
                 |------------------------+------------------------
      Odds ratio |              2.8       |    1.438235    5.451124 (Woolf)
 Attr. frac. ex. |         .6428571       |    .3047036    .8165516 (Woolf)
 Attr. frac. pop |         .1901408       |
                 +-------------------------------------------------
                               chi2(1) =     9.64  Pr>chi2 = 0.0019

. csi 21 50 24 160

                 |   Exposed   Unexposed  |      Total
-----------------+------------------------+------------
           Cases |        21          50  |         71
        Noncases |        24         160  |        184
-----------------+------------------------+------------
           Total |        45         210  |        255
                 |                        |
            Risk |  .4666667    .2380952  |   .2784314
                 |                        |
                 |      Point estimate    |    [95% Conf. Interval]
                 |------------------------+------------------------
 Risk difference |         .2285714       |    .0718392    .3853036 
      Risk ratio |             1.96       |    1.320292     2.90966 
 Attr. frac. ex. |         .4897959       |    .2425917    .6563172 
 Attr. frac. pop |         .1448692       |
                 +-------------------------------------------------
                               chi2(1) =     9.64  Pr>chi2 = 0.0019

. tabi 8 11\7 26\6 56\4 57, chi2 exact row

+----------------+
| Key            |
|----------------|
|   frequency    |
| row percentage |
+----------------+

Enumerating sample-space combinations:
stage 4:  enumerations = 1
stage 3:  enumerations = 10
stage 2:  enumerations = 103
stage 1:  enumerations = 0

           |          col
       row |         1          2 |     Total
-----------+----------------------+----------
         1 |         8         11 |        19 
           |     42.11      57.89 |    100.00 
-----------+----------------------+----------
         2 |         7         26 |        33 
           |     21.21      78.79 |    100.00 
-----------+----------------------+----------
         3 |         6         56 |        62 
           |      9.68      90.32 |    100.00 
-----------+----------------------+----------
         4 |         4         57 |        61 
           |      6.56      93.44 |    100.00 
-----------+----------------------+----------
     Total |        25        150 |       175 
           |     14.29      85.71 |    100.00 

          Pearson chi2(3) =  17.3524   Pr = 0.001
           Fisher's exact =                 0.001

. use "Z:\Desktop\week 3\toxaemia.dta"

. tabodds toxaemia diet, graph

--------------------------------------------------------------------------
      diet  |      cases     controls       odds      [95% Conf. Interval]
------------+-------------------------------------------------------------
  Very poor |          1            1    1.00000        0.06255  15.98751
       Poor |          1            1    1.00000        0.06255  15.98751
       Fair |          1            1    1.00000        0.06255  15.98751
       Good |          1            1    1.00000        0.06255  15.98751
--------------------------------------------------------------------------
Test of homogeneity (equal odds): chi2(3)  =     0.00
                                  Pr>chi2  =   1.0000

Score test for trend of odds:     chi2(1)  =     0.00
                                  Pr>chi2  =   1.0000

. tabodds toxaemia diet [fweight = freq], graph

--------------------------------------------------------------------------
      diet  |      cases     controls       odds      [95% Conf. Interval]
------------+-------------------------------------------------------------
  Very poor |          8           11    0.72727        0.29253   1.80808
       Poor |          7           26    0.26923        0.11686   0.62027
       Fair |          6           56    0.10714        0.04617   0.24866
       Good |          4           57    0.07018        0.02546   0.19340
--------------------------------------------------------------------------
Test of homogeneity (equal odds): chi2(3)  =    17.25
                                  Pr>chi2  =   0.0006

Score test for trend of odds:     chi2(1)  =    14.80
                                  Pr>chi2  =   0.0001

. tabodds toxaemia diet [fweight = freq], or

---------------------------------------------------------------------------
        diet |  Odds Ratio       chi2       P>chi2     [95% Conf. Interval]
-------------+-------------------------------------------------------------
   Very poor |    1.000000          .           .              .          .
        Poor |    0.370192       2.52       0.1128      0.103001   1.330493
        Fair |    0.147321      10.56       0.0012      0.038592   0.562386
        Good |    0.096491      14.18       0.0002      0.021232   0.438520
---------------------------------------------------------------------------
Test of homogeneity (equal odds): chi2(3)  =    17.25
                                  Pr>chi2  =   0.0006

Score test for trend of odds:     chi2(1)  =    14.80
                                  Pr>chi2  =   0.0001

